09-Dec-2016 12:25:42.282 INFO [main] org.apache.catalina.startup.VersionLoggerListener.log Server version:        Apache Tomcat/8.0.37
09-Dec-2016 12:25:42.285 INFO [main] org.apache.catalina.startup.VersionLoggerListener.log Server built:          Sep 1 2016 10:01:52 UTC
09-Dec-2016 12:25:42.285 INFO [main] org.apache.catalina.startup.VersionLoggerListener.log Server number:         8.0.37.0
09-Dec-2016 12:25:42.285 INFO [main] org.apache.catalina.startup.VersionLoggerListener.log OS Name:               Windows 10
09-Dec-2016 12:25:42.285 INFO [main] org.apache.catalina.startup.VersionLoggerListener.log OS Version:            10.0
09-Dec-2016 12:25:42.285 INFO [main] org.apache.catalina.startup.VersionLoggerListener.log Architecture:          amd64
09-Dec-2016 12:25:42.285 INFO [main] org.apache.catalina.startup.VersionLoggerListener.log Java Home:             D:\Program Files\Java\jdk1.8.0_102\jre
09-Dec-2016 12:25:42.285 INFO [main] org.apache.catalina.startup.VersionLoggerListener.log JVM Version:           1.8.0_102-b14
09-Dec-2016 12:25:42.286 INFO [main] org.apache.catalina.startup.VersionLoggerListener.log JVM Vendor:            Oracle Corporation
09-Dec-2016 12:25:42.286 INFO [main] org.apache.catalina.startup.VersionLoggerListener.log CATALINA_BASE:         C:\Users\Dell\.IntelliJIdea2016.3\system\tomcat\Unnamed_sherpa-trunk
09-Dec-2016 12:25:42.286 INFO [main] org.apache.catalina.startup.VersionLoggerListener.log CATALINA_HOME:         D:\dev_soft\apache-tomcat-8.0.37
09-Dec-2016 12:25:42.286 INFO [main] org.apache.catalina.startup.VersionLoggerListener.log Command line argument: -Dcom.sun.management.jmxremote=
09-Dec-2016 12:25:42.287 INFO [main] org.apache.catalina.startup.VersionLoggerListener.log Command line argument: -Dcom.sun.management.jmxremote.port=1099
09-Dec-2016 12:25:42.287 INFO [main] org.apache.catalina.startup.VersionLoggerListener.log Command line argument: -Dcom.sun.management.jmxremote.ssl=false
09-Dec-2016 12:25:42.287 INFO [main] org.apache.catalina.startup.VersionLoggerListener.log Command line argument: -Dcom.sun.management.jmxremote.authenticate=false
09-Dec-2016 12:25:42.288 INFO [main] org.apache.catalina.startup.VersionLoggerListener.log Command line argument: -Djava.rmi.server.hostname=127.0.0.1
09-Dec-2016 12:25:42.288 INFO [main] org.apache.catalina.startup.VersionLoggerListener.log Command line argument: -Djdk.tls.ephemeralDHKeySize=2048
09-Dec-2016 12:25:42.288 INFO [main] org.apache.catalina.startup.VersionLoggerListener.log Command line argument: -Djava.util.logging.config.file=C:\Users\Dell\.IntelliJIdea2016.3\system\tomcat\Unnamed_sherpa-trunk\conf\logging.properties
09-Dec-2016 12:25:42.289 INFO [main] org.apache.catalina.startup.VersionLoggerListener.log Command line argument: -Djava.util.logging.manager=org.apache.juli.ClassLoaderLogManager
09-Dec-2016 12:25:42.289 INFO [main] org.apache.catalina.startup.VersionLoggerListener.log Command line argument: -Xdebug
09-Dec-2016 12:25:42.289 INFO [main] org.apache.catalina.startup.VersionLoggerListener.log Command line argument: -Xnoagent
09-Dec-2016 12:25:42.289 INFO [main] org.apache.catalina.startup.VersionLoggerListener.log Command line argument: -Djava.compiler=NONE
09-Dec-2016 12:25:42.290 INFO [main] org.apache.catalina.startup.VersionLoggerListener.log Command line argument: -Xrunjdwp:transport=dt_socket,server=y,suspend=n,address=8000
09-Dec-2016 12:25:42.290 INFO [main] org.apache.catalina.startup.VersionLoggerListener.log Command line argument: -Djava.endorsed.dirs=D:\dev_soft\apache-tomcat-8.0.37\endorsed
09-Dec-2016 12:25:42.290 INFO [main] org.apache.catalina.startup.VersionLoggerListener.log Command line argument: -Dcatalina.base=C:\Users\Dell\.IntelliJIdea2016.3\system\tomcat\Unnamed_sherpa-trunk
09-Dec-2016 12:25:42.290 INFO [main] org.apache.catalina.startup.VersionLoggerListener.log Command line argument: -Dcatalina.home=D:\dev_soft\apache-tomcat-8.0.37
09-Dec-2016 12:25:42.290 INFO [main] org.apache.catalina.startup.VersionLoggerListener.log Command line argument: -Djava.io.tmpdir=D:\dev_soft\apache-tomcat-8.0.37\temp
09-Dec-2016 12:25:42.291 INFO [main] org.apache.catalina.core.AprLifecycleListener.lifecycleEvent Loaded APR based Apache Tomcat Native library 1.2.8 using APR version 1.5.2.
09-Dec-2016 12:25:42.291 INFO [main] org.apache.catalina.core.AprLifecycleListener.lifecycleEvent APR capabilities: IPv6 [true], sendfile [true], accept filters [false], random [true].
09-Dec-2016 12:25:43.300 INFO [main] org.apache.catalina.core.AprLifecycleListener.initializeSSL OpenSSL successfully initialized (OpenSSL 1.0.2h  3 May 2016)
09-Dec-2016 12:25:43.447 INFO [main] org.apache.coyote.AbstractProtocol.init Initializing ProtocolHandler ["http-apr-8080"]
09-Dec-2016 12:25:43.463 INFO [main] org.apache.coyote.AbstractProtocol.init Initializing ProtocolHandler ["ajp-apr-8009"]
09-Dec-2016 12:25:43.464 INFO [main] org.apache.catalina.startup.Catalina.load Initialization processed in 1699 ms
09-Dec-2016 12:25:43.543 INFO [main] org.apache.catalina.core.StandardService.startInternal Starting service Catalina
09-Dec-2016 12:25:43.544 INFO [main] org.apache.catalina.core.StandardEngine.startInternal Starting Servlet Engine: Apache Tomcat/8.0.37
09-Dec-2016 12:25:43.559 INFO [main] org.apache.coyote.AbstractProtocol.start Starting ProtocolHandler ["http-apr-8080"]
09-Dec-2016 12:25:43.572 INFO [main] org.apache.coyote.AbstractProtocol.start Starting ProtocolHandler ["ajp-apr-8009"]
09-Dec-2016 12:25:43.575 INFO [main] org.apache.catalina.startup.Catalina.start Server startup in 110 ms
09-Dec-2016 12:25:53.560 INFO [localhost-startStop-1] org.apache.catalina.startup.HostConfig.deployDirectory Deploying web application directory D:\dev_soft\apache-tomcat-8.0.37\webapps\manager
09-Dec-2016 12:25:53.727 INFO [localhost-startStop-1] org.apache.catalina.startup.HostConfig.deployDirectory Deployment of web application directory D:\dev_soft\apache-tomcat-8.0.37\webapps\manager has finished in 167 ms
09-Dec-2016 12:25:57.778 INFO [RMI TCP Connection(3)-127.0.0.1] org.apache.jasper.servlet.TldScanner.scanJars At least one JAR was scanned for TLDs yet contained no TLDs. Enable debug logging for this logger for a complete list of JARs that were scanned but no TLDs were found in them. Skipping unneeded JARs during scanning can improve startup time and JSP compilation time.
09-Dec-2016 12:26:14.084 SEVERE [RMI TCP Connection(3)-127.0.0.1] org.apache.catalina.core.StandardContext.startInternal One or more listeners failed to start. Full details will be found in the appropriate container log file
09-Dec-2016 12:26:14.085 SEVERE [RMI TCP Connection(3)-127.0.0.1] org.apache.catalina.core.StandardContext.startInternal Context [] startup failed due to previous errors
09-Dec-2016 13:02:48.837 INFO [main] org.apache.catalina.core.StandardServer.await A valid shutdown command was received via the shutdown port. Stopping the Server instance.
09-Dec-2016 13:02:48.838 INFO [main] org.apache.coyote.AbstractProtocol.pause Pausing ProtocolHandler ["http-apr-8080"]
09-Dec-2016 13:02:48.895 INFO [main] org.apache.coyote.AbstractProtocol.pause Pausing ProtocolHandler ["ajp-apr-8009"]
09-Dec-2016 13:02:48.947 INFO [main] org.apache.catalina.core.StandardService.stopInternal Stopping service Catalina
09-Dec-2016 13:02:48.964 INFO [main] org.apache.coyote.AbstractProtocol.stop Stopping ProtocolHandler ["http-apr-8080"]
09-Dec-2016 13:02:49.032 INFO [main] org.apache.coyote.AbstractProtocol.stop Stopping ProtocolHandler ["ajp-apr-8009"]
09-Dec-2016 13:02:49.084 INFO [main] org.apache.coyote.AbstractProtocol.destroy Destroying ProtocolHandler ["http-apr-8080"]
09-Dec-2016 13:02:49.084 INFO [main] org.apache.coyote.AbstractProtocol.destroy Destroying ProtocolHandler ["ajp-apr-8009"]
09-Dec-2016 13:14:18.542 INFO [main] org.apache.catalina.startup.VersionLoggerListener.log Server version:        Apache Tomcat/8.0.37
09-Dec-2016 13:14:18.543 INFO [main] org.apache.catalina.startup.VersionLoggerListener.log Server built:          Sep 1 2016 10:01:52 UTC
09-Dec-2016 13:14:18.543 INFO [main] org.apache.catalina.startup.VersionLoggerListener.log Server number:         8.0.37.0
09-Dec-2016 13:14:18.544 INFO [main] org.apache.catalina.startup.VersionLoggerListener.log OS Name:               Windows 10
09-Dec-2016 13:14:18.544 INFO [main] org.apache.catalina.startup.VersionLoggerListener.log OS Version:            10.0
09-Dec-2016 13:14:18.544 INFO [main] org.apache.catalina.startup.VersionLoggerListener.log Architecture:          amd64
09-Dec-2016 13:14:18.544 INFO [main] org.apache.catalina.startup.VersionLoggerListener.log Java Home:             D:\Program Files\Java\jdk1.8.0_102\jre
09-Dec-2016 13:14:18.544 INFO [main] org.apache.catalina.startup.VersionLoggerListener.log JVM Version:           1.8.0_102-b14
09-Dec-2016 13:14:18.544 INFO [main] org.apache.catalina.startup.VersionLoggerListener.log JVM Vendor:            Oracle Corporation
09-Dec-2016 13:14:18.544 INFO [main] org.apache.catalina.startup.VersionLoggerListener.log CATALINA_BASE:         C:\Users\Dell\.IntelliJIdea2016.3\system\tomcat\Unnamed_sherpa-trunk
09-Dec-2016 13:14:18.545 INFO [main] org.apache.catalina.startup.VersionLoggerListener.log CATALINA_HOME:         D:\dev_soft\apache-tomcat-8.0.37
09-Dec-2016 13:14:18.546 INFO [main] org.apache.catalina.startup.VersionLoggerListener.log Command line argument: -Dcom.sun.management.jmxremote=
09-Dec-2016 13:14:18.547 INFO [main] org.apache.catalina.startup.VersionLoggerListener.log Command line argument: -Dcom.sun.management.jmxremote.port=1099
09-Dec-2016 13:14:18.547 INFO [main] org.apache.catalina.startup.VersionLoggerListener.log Command line argument: -Dcom.sun.management.jmxremote.ssl=false
09-Dec-2016 13:14:18.547 INFO [main] org.apache.catalina.startup.VersionLoggerListener.log Command line argument: -Dcom.sun.management.jmxremote.authenticate=false
09-Dec-2016 13:14:18.547 INFO [main] org.apache.catalina.startup.VersionLoggerListener.log Command line argument: -Djava.rmi.server.hostname=127.0.0.1
09-Dec-2016 13:14:18.547 INFO [main] org.apache.catalina.startup.VersionLoggerListener.log Command line argument: -Djdk.tls.ephemeralDHKeySize=2048
09-Dec-2016 13:14:18.547 INFO [main] org.apache.catalina.startup.VersionLoggerListener.log Command line argument: -Djava.util.logging.config.file=C:\Users\Dell\.IntelliJIdea2016.3\system\tomcat\Unnamed_sherpa-trunk\conf\logging.properties
09-Dec-2016 13:14:18.547 INFO [main] org.apache.catalina.startup.VersionLoggerListener.log Command line argument: -Djava.util.logging.manager=org.apache.juli.ClassLoaderLogManager
09-Dec-2016 13:14:18.547 INFO [main] org.apache.catalina.startup.VersionLoggerListener.log Command line argument: -Xdebug
09-Dec-2016 13:14:18.548 INFO [main] org.apache.catalina.startup.VersionLoggerListener.log Command line argument: -Xnoagent
09-Dec-2016 13:14:18.548 INFO [main] org.apache.catalina.startup.VersionLoggerListener.log Command line argument: -Djava.compiler=NONE
09-Dec-2016 13:14:18.548 INFO [main] org.apache.catalina.startup.VersionLoggerListener.log Command line argument: -Xrunjdwp:transport=dt_socket,server=y,suspend=n,address=8000
09-Dec-2016 13:14:18.548 INFO [main] org.apache.catalina.startup.VersionLoggerListener.log Command line argument: -Djava.endorsed.dirs=D:\dev_soft\apache-tomcat-8.0.37\endorsed
09-Dec-2016 13:14:18.548 INFO [main] org.apache.catalina.startup.VersionLoggerListener.log Command line argument: -Dcatalina.base=C:\Users\Dell\.IntelliJIdea2016.3\system\tomcat\Unnamed_sherpa-trunk
09-Dec-2016 13:14:18.549 INFO [main] org.apache.catalina.startup.VersionLoggerListener.log Command line argument: -Dcatalina.home=D:\dev_soft\apache-tomcat-8.0.37
09-Dec-2016 13:14:18.549 INFO [main] org.apache.catalina.startup.VersionLoggerListener.log Command line argument: -Djava.io.tmpdir=D:\dev_soft\apache-tomcat-8.0.37\temp
09-Dec-2016 13:14:18.549 INFO [main] org.apache.catalina.core.AprLifecycleListener.lifecycleEvent Loaded APR based Apache Tomcat Native library 1.2.8 using APR version 1.5.2.
09-Dec-2016 13:14:18.549 INFO [main] org.apache.catalina.core.AprLifecycleListener.lifecycleEvent APR capabilities: IPv6 [true], sendfile [true], accept filters [false], random [true].
09-Dec-2016 13:14:19.600 INFO [main] org.apache.catalina.core.AprLifecycleListener.initializeSSL OpenSSL successfully initialized (OpenSSL 1.0.2h  3 May 2016)
09-Dec-2016 13:14:19.735 INFO [main] org.apache.coyote.AbstractProtocol.init Initializing ProtocolHandler ["http-apr-8080"]
09-Dec-2016 13:14:19.749 INFO [main] org.apache.coyote.AbstractProtocol.init Initializing ProtocolHandler ["ajp-apr-8009"]
09-Dec-2016 13:14:19.750 INFO [main] org.apache.catalina.startup.Catalina.load Initialization processed in 1610 ms
09-Dec-2016 13:14:19.791 INFO [main] org.apache.catalina.core.StandardService.startInternal Starting service Catalina
09-Dec-2016 13:14:19.791 INFO [main] org.apache.catalina.core.StandardEngine.startInternal Starting Servlet Engine: Apache Tomcat/8.0.37
09-Dec-2016 13:14:19.834 INFO [main] org.apache.coyote.AbstractProtocol.start Starting ProtocolHandler ["http-apr-8080"]
09-Dec-2016 13:14:19.848 INFO [main] org.apache.coyote.AbstractProtocol.start Starting ProtocolHandler ["ajp-apr-8009"]
09-Dec-2016 13:14:19.853 INFO [main] org.apache.catalina.startup.Catalina.start Server startup in 103 ms
09-Dec-2016 13:14:29.840 INFO [localhost-startStop-1] org.apache.catalina.startup.HostConfig.deployDirectory Deploying web application directory D:\dev_soft\apache-tomcat-8.0.37\webapps\manager
09-Dec-2016 13:14:30.157 INFO [localhost-startStop-1] org.apache.catalina.startup.HostConfig.deployDirectory Deployment of web application directory D:\dev_soft\apache-tomcat-8.0.37\webapps\manager has finished in 316 ms
09-Dec-2016 13:14:44.622 INFO [main] org.apache.catalina.core.StandardServer.await A valid shutdown command was received via the shutdown port. Stopping the Server instance.
09-Dec-2016 13:14:44.623 INFO [main] org.apache.coyote.AbstractProtocol.pause Pausing ProtocolHandler ["http-apr-8080"]
09-Dec-2016 13:14:44.676 INFO [main] org.apache.coyote.AbstractProtocol.pause Pausing ProtocolHandler ["ajp-apr-8009"]
09-Dec-2016 13:14:44.726 INFO [main] org.apache.catalina.core.StandardService.stopInternal Stopping service Catalina
09-Dec-2016 13:14:44.745 INFO [main] org.apache.coyote.AbstractProtocol.stop Stopping ProtocolHandler ["http-apr-8080"]
09-Dec-2016 13:14:44.797 INFO [main] org.apache.coyote.AbstractProtocol.stop Stopping ProtocolHandler ["ajp-apr-8009"]
09-Dec-2016 13:14:44.848 INFO [main] org.apache.coyote.AbstractProtocol.destroy Destroying ProtocolHandler ["http-apr-8080"]
09-Dec-2016 13:14:44.848 INFO [main] org.apache.coyote.AbstractProtocol.destroy Destroying ProtocolHandler ["ajp-apr-8009"]
09-Dec-2016 13:17:02.289 INFO [main] org.apache.catalina.startup.VersionLoggerListener.log Server version:        Apache Tomcat/8.0.37
09-Dec-2016 13:17:02.291 INFO [main] org.apache.catalina.startup.VersionLoggerListener.log Server built:          Sep 1 2016 10:01:52 UTC
09-Dec-2016 13:17:02.291 INFO [main] org.apache.catalina.startup.VersionLoggerListener.log Server number:         8.0.37.0
09-Dec-2016 13:17:02.292 INFO [main] org.apache.catalina.startup.VersionLoggerListener.log OS Name:               Windows 10
09-Dec-2016 13:17:02.292 INFO [main] org.apache.catalina.startup.VersionLoggerListener.log OS Version:            10.0
09-Dec-2016 13:17:02.292 INFO [main] org.apache.catalina.startup.VersionLoggerListener.log Architecture:          amd64
09-Dec-2016 13:17:02.292 INFO [main] org.apache.catalina.startup.VersionLoggerListener.log Java Home:             D:\Program Files\Java\jdk1.8.0_102\jre
09-Dec-2016 13:17:02.292 INFO [main] org.apache.catalina.startup.VersionLoggerListener.log JVM Version:           1.8.0_102-b14
09-Dec-2016 13:17:02.292 INFO [main] org.apache.catalina.startup.VersionLoggerListener.log JVM Vendor:            Oracle Corporation
09-Dec-2016 13:17:02.292 INFO [main] org.apache.catalina.startup.VersionLoggerListener.log CATALINA_BASE:         C:\Users\Dell\.IntelliJIdea2016.3\system\tomcat\Unnamed_sherpa-trunk
09-Dec-2016 13:17:02.293 INFO [main] org.apache.catalina.startup.VersionLoggerListener.log CATALINA_HOME:         D:\dev_soft\apache-tomcat-8.0.37
09-Dec-2016 13:17:02.293 INFO [main] org.apache.catalina.startup.VersionLoggerListener.log Command line argument: -Dcom.sun.management.jmxremote=
09-Dec-2016 13:17:02.294 INFO [main] org.apache.catalina.startup.VersionLoggerListener.log Command line argument: -Dcom.sun.management.jmxremote.port=1099
09-Dec-2016 13:17:02.294 INFO [main] org.apache.catalina.startup.VersionLoggerListener.log Command line argument: -Dcom.sun.management.jmxremote.ssl=false
09-Dec-2016 13:17:02.294 INFO [main] org.apache.catalina.startup.VersionLoggerListener.log Command line argument: -Dcom.sun.management.jmxremote.authenticate=false
09-Dec-2016 13:17:02.294 INFO [main] org.apache.catalina.startup.VersionLoggerListener.log Command line argument: -Djava.rmi.server.hostname=127.0.0.1
09-Dec-2016 13:17:02.295 INFO [main] org.apache.catalina.startup.VersionLoggerListener.log Command line argument: -Djdk.tls.ephemeralDHKeySize=2048
09-Dec-2016 13:17:02.295 INFO [main] org.apache.catalina.startup.VersionLoggerListener.log Command line argument: -Djava.util.logging.config.file=C:\Users\Dell\.IntelliJIdea2016.3\system\tomcat\Unnamed_sherpa-trunk\conf\logging.properties
09-Dec-2016 13:17:02.295 INFO [main] org.apache.catalina.startup.VersionLoggerListener.log Command line argument: -Djava.util.logging.manager=org.apache.juli.ClassLoaderLogManager
09-Dec-2016 13:17:02.295 INFO [main] org.apache.catalina.startup.VersionLoggerListener.log Command line argument: -Xdebug
09-Dec-2016 13:17:02.295 INFO [main] org.apache.catalina.startup.VersionLoggerListener.log Command line argument: -Xnoagent
09-Dec-2016 13:17:02.295 INFO [main] org.apache.catalina.startup.VersionLoggerListener.log Command line argument: -Djava.compiler=NONE
09-Dec-2016 13:17:02.295 INFO [main] org.apache.catalina.startup.VersionLoggerListener.log Command line argument: -Xrunjdwp:transport=dt_socket,server=y,suspend=n,address=8000
09-Dec-2016 13:17:02.295 INFO [main] org.apache.catalina.startup.VersionLoggerListener.log Command line argument: -Djava.endorsed.dirs=D:\dev_soft\apache-tomcat-8.0.37\endorsed
09-Dec-2016 13:17:02.296 INFO [main] org.apache.catalina.startup.VersionLoggerListener.log Command line argument: -Dcatalina.base=C:\Users\Dell\.IntelliJIdea2016.3\system\tomcat\Unnamed_sherpa-trunk
09-Dec-2016 13:17:02.296 INFO [main] org.apache.catalina.startup.VersionLoggerListener.log Command line argument: -Dcatalina.home=D:\dev_soft\apache-tomcat-8.0.37
09-Dec-2016 13:17:02.296 INFO [main] org.apache.catalina.startup.VersionLoggerListener.log Command line argument: -Djava.io.tmpdir=D:\dev_soft\apache-tomcat-8.0.37\temp
09-Dec-2016 13:17:02.296 INFO [main] org.apache.catalina.core.AprLifecycleListener.lifecycleEvent Loaded APR based Apache Tomcat Native library 1.2.8 using APR version 1.5.2.
09-Dec-2016 13:17:02.296 INFO [main] org.apache.catalina.core.AprLifecycleListener.lifecycleEvent APR capabilities: IPv6 [true], sendfile [true], accept filters [false], random [true].
09-Dec-2016 13:17:03.321 INFO [main] org.apache.catalina.core.AprLifecycleListener.initializeSSL OpenSSL successfully initialized (OpenSSL 1.0.2h  3 May 2016)
09-Dec-2016 13:17:03.462 INFO [main] org.apache.coyote.AbstractProtocol.init Initializing ProtocolHandler ["http-apr-8080"]
09-Dec-2016 13:17:03.476 INFO [main] org.apache.coyote.AbstractProtocol.init Initializing ProtocolHandler ["ajp-apr-8009"]
09-Dec-2016 13:17:03.481 INFO [main] org.apache.catalina.startup.Catalina.load Initialization processed in 1585 ms
09-Dec-2016 13:17:03.518 INFO [main] org.apache.catalina.core.StandardService.startInternal Starting service Catalina
09-Dec-2016 13:17:03.519 INFO [main] org.apache.catalina.core.StandardEngine.startInternal Starting Servlet Engine: Apache Tomcat/8.0.37
09-Dec-2016 13:17:03.560 INFO [main] org.apache.coyote.AbstractProtocol.start Starting ProtocolHandler ["http-apr-8080"]
09-Dec-2016 13:17:03.577 INFO [main] org.apache.coyote.AbstractProtocol.start Starting ProtocolHandler ["ajp-apr-8009"]
09-Dec-2016 13:17:03.580 INFO [main] org.apache.catalina.startup.Catalina.start Server startup in 98 ms
09-Dec-2016 13:17:13.565 INFO [localhost-startStop-1] org.apache.catalina.startup.HostConfig.deployDirectory Deploying web application directory D:\dev_soft\apache-tomcat-8.0.37\webapps\manager
09-Dec-2016 13:17:13.737 INFO [localhost-startStop-1] org.apache.catalina.startup.HostConfig.deployDirectory Deployment of web application directory D:\dev_soft\apache-tomcat-8.0.37\webapps\manager has finished in 173 ms
09-Dec-2016 13:17:17.426 INFO [RMI TCP Connection(3)-127.0.0.1] org.apache.jasper.servlet.TldScanner.scanJars At least one JAR was scanned for TLDs yet contained no TLDs. Enable debug logging for this logger for a complete list of JARs that were scanned but no TLDs were found in them. Skipping unneeded JARs during scanning can improve startup time and JSP compilation time.
09-Dec-2016 13:19:17.643 INFO [main] org.apache.catalina.core.StandardServer.await A valid shutdown command was received via the shutdown port. Stopping the Server instance.
09-Dec-2016 13:19:17.643 INFO [main] org.apache.coyote.AbstractProtocol.pause Pausing ProtocolHandler ["http-apr-8080"]
09-Dec-2016 13:19:17.695 INFO [main] org.apache.coyote.AbstractProtocol.pause Pausing ProtocolHandler ["ajp-apr-8009"]
09-Dec-2016 13:19:17.746 INFO [main] org.apache.catalina.core.StandardService.stopInternal Stopping service Catalina
09-Dec-2016 13:19:17.849 WARNING [localhost-startStop-2] org.apache.catalina.loader.WebappClassLoaderBase.clearReferencesJdbc The web application [sherpa-web-api] registered the JDBC driver [com.mysql.jdbc.Driver] but failed to unregister it when the web application was stopped. To prevent a memory leak, the JDBC Driver has been forcibly unregistered.
09-Dec-2016 13:19:17.850 WARNING [localhost-startStop-2] org.apache.catalina.loader.WebappClassLoaderBase.clearReferencesThreads The web application [sherpa-web-api] appears to have started a thread named [Abandoned connection cleanup thread] but has failed to stop it. This is very likely to create a memory leak. Stack trace of thread:
 java.lang.Object.wait(Native Method)
 java.lang.ref.ReferenceQueue.remove(ReferenceQueue.java:143)
 com.mysql.jdbc.AbandonedConnectionCleanupThread.run(AbandonedConnectionCleanupThread.java:43)
09-Dec-2016 13:19:17.873 INFO [main] org.apache.coyote.AbstractProtocol.stop Stopping ProtocolHandler ["http-apr-8080"]
09-Dec-2016 13:19:17.941 INFO [main] org.apache.coyote.AbstractProtocol.stop Stopping ProtocolHandler ["ajp-apr-8009"]
09-Dec-2016 13:19:17.992 INFO [main] org.apache.coyote.AbstractProtocol.destroy Destroying ProtocolHandler ["http-apr-8080"]
09-Dec-2016 13:19:17.992 INFO [main] org.apache.coyote.AbstractProtocol.destroy Destroying ProtocolHandler ["ajp-apr-8009"]
09-Dec-2016 13:19:58.642 INFO [main] org.apache.catalina.startup.VersionLoggerListener.log Server version:        Apache Tomcat/8.0.37
09-Dec-2016 13:19:58.644 INFO [main] org.apache.catalina.startup.VersionLoggerListener.log Server built:          Sep 1 2016 10:01:52 UTC
09-Dec-2016 13:19:58.644 INFO [main] org.apache.catalina.startup.VersionLoggerListener.log Server number:         8.0.37.0
09-Dec-2016 13:19:58.644 INFO [main] org.apache.catalina.startup.VersionLoggerListener.log OS Name:               Windows 10
09-Dec-2016 13:19:58.644 INFO [main] org.apache.catalina.startup.VersionLoggerListener.log OS Version:            10.0
09-Dec-2016 13:19:58.644 INFO [main] org.apache.catalina.startup.VersionLoggerListener.log Architecture:          amd64
09-Dec-2016 13:19:58.644 INFO [main] org.apache.catalina.startup.VersionLoggerListener.log Java Home:             D:\Program Files\Java\jdk1.8.0_102\jre
09-Dec-2016 13:19:58.644 INFO [main] org.apache.catalina.startup.VersionLoggerListener.log JVM Version:           1.8.0_102-b14
09-Dec-2016 13:19:58.645 INFO [main] org.apache.catalina.startup.VersionLoggerListener.log JVM Vendor:            Oracle Corporation
09-Dec-2016 13:19:58.645 INFO [main] org.apache.catalina.startup.VersionLoggerListener.log CATALINA_BASE:         C:\Users\Dell\.IntelliJIdea2016.3\system\tomcat\Unnamed_sherpa-trunk
09-Dec-2016 13:19:58.645 INFO [main] org.apache.catalina.startup.VersionLoggerListener.log CATALINA_HOME:         D:\dev_soft\apache-tomcat-8.0.37
09-Dec-2016 13:19:58.646 INFO [main] org.apache.catalina.startup.VersionLoggerListener.log Command line argument: -Dcom.sun.management.jmxremote=
09-Dec-2016 13:19:58.647 INFO [main] org.apache.catalina.startup.VersionLoggerListener.log Command line argument: -Dcom.sun.management.jmxremote.port=1099
09-Dec-2016 13:19:58.647 INFO [main] org.apache.catalina.startup.VersionLoggerListener.log Command line argument: -Dcom.sun.management.jmxremote.ssl=false
09-Dec-2016 13:19:58.647 INFO [main] org.apache.catalina.startup.VersionLoggerListener.log Command line argument: -Dcom.sun.management.jmxremote.authenticate=false
09-Dec-2016 13:19:58.648 INFO [main] org.apache.catalina.startup.VersionLoggerListener.log Command line argument: -Djava.rmi.server.hostname=127.0.0.1
09-Dec-2016 13:19:58.648 INFO [main] org.apache.catalina.startup.VersionLoggerListener.log Command line argument: -Djdk.tls.ephemeralDHKeySize=2048
09-Dec-2016 13:19:58.648 INFO [main] org.apache.catalina.startup.VersionLoggerListener.log Command line argument: -Djava.util.logging.config.file=C:\Users\Dell\.IntelliJIdea2016.3\system\tomcat\Unnamed_sherpa-trunk\conf\logging.properties
09-Dec-2016 13:19:58.649 INFO [main] org.apache.catalina.startup.VersionLoggerListener.log Command line argument: -Djava.util.logging.manager=org.apache.juli.ClassLoaderLogManager
09-Dec-2016 13:19:58.649 INFO [main] org.apache.catalina.startup.VersionLoggerListener.log Command line argument: -Xdebug
09-Dec-2016 13:19:58.649 INFO [main] org.apache.catalina.startup.VersionLoggerListener.log Command line argument: -Xnoagent
09-Dec-2016 13:19:58.649 INFO [main] org.apache.catalina.startup.VersionLoggerListener.log Command line argument: -Djava.compiler=NONE
09-Dec-2016 13:19:58.649 INFO [main] org.apache.catalina.startup.VersionLoggerListener.log Command line argument: -Xrunjdwp:transport=dt_socket,server=y,suspend=n,address=8000
09-Dec-2016 13:19:58.650 INFO [main] org.apache.catalina.startup.VersionLoggerListener.log Command line argument: -Djava.endorsed.dirs=D:\dev_soft\apache-tomcat-8.0.37\endorsed
09-Dec-2016 13:19:58.650 INFO [main] org.apache.catalina.startup.VersionLoggerListener.log Command line argument: -Dcatalina.base=C:\Users\Dell\.IntelliJIdea2016.3\system\tomcat\Unnamed_sherpa-trunk
09-Dec-2016 13:19:58.650 INFO [main] org.apache.catalina.startup.VersionLoggerListener.log Command line argument: -Dcatalina.home=D:\dev_soft\apache-tomcat-8.0.37
09-Dec-2016 13:19:58.650 INFO [main] org.apache.catalina.startup.VersionLoggerListener.log Command line argument: -Djava.io.tmpdir=D:\dev_soft\apache-tomcat-8.0.37\temp
09-Dec-2016 13:19:58.650 INFO [main] org.apache.catalina.core.AprLifecycleListener.lifecycleEvent Loaded APR based Apache Tomcat Native library 1.2.8 using APR version 1.5.2.
09-Dec-2016 13:19:58.650 INFO [main] org.apache.catalina.core.AprLifecycleListener.lifecycleEvent APR capabilities: IPv6 [true], sendfile [true], accept filters [false], random [true].
09-Dec-2016 13:19:59.693 INFO [main] org.apache.catalina.core.AprLifecycleListener.initializeSSL OpenSSL successfully initialized (OpenSSL 1.0.2h  3 May 2016)
09-Dec-2016 13:19:59.838 INFO [main] org.apache.coyote.AbstractProtocol.init Initializing ProtocolHandler ["http-apr-8080"]
09-Dec-2016 13:19:59.853 INFO [main] org.apache.coyote.AbstractProtocol.init Initializing ProtocolHandler ["ajp-apr-8009"]
09-Dec-2016 13:19:59.855 INFO [main] org.apache.catalina.startup.Catalina.load Initialization processed in 1622 ms
09-Dec-2016 13:19:59.892 INFO [main] org.apache.catalina.core.StandardService.startInternal Starting service Catalina
09-Dec-2016 13:19:59.892 INFO [main] org.apache.catalina.core.StandardEngine.startInternal Starting Servlet Engine: Apache Tomcat/8.0.37
09-Dec-2016 13:19:59.936 INFO [main] org.apache.coyote.AbstractProtocol.start Starting ProtocolHandler ["http-apr-8080"]
09-Dec-2016 13:19:59.951 INFO [main] org.apache.coyote.AbstractProtocol.start Starting ProtocolHandler ["ajp-apr-8009"]
09-Dec-2016 13:19:59.956 INFO [main] org.apache.catalina.startup.Catalina.start Server startup in 101 ms
09-Dec-2016 13:20:09.942 INFO [localhost-startStop-1] org.apache.catalina.startup.HostConfig.deployDirectory Deploying web application directory D:\dev_soft\apache-tomcat-8.0.37\webapps\manager
09-Dec-2016 13:20:10.115 INFO [localhost-startStop-1] org.apache.catalina.startup.HostConfig.deployDirectory Deployment of web application directory D:\dev_soft\apache-tomcat-8.0.37\webapps\manager has finished in 172 ms
09-Dec-2016 13:20:15.056 INFO [RMI TCP Connection(3)-127.0.0.1] org.apache.jasper.servlet.TldScanner.scanJars At least one JAR was scanned for TLDs yet contained no TLDs. Enable debug logging for this logger for a complete list of JARs that were scanned but no TLDs were found in them. Skipping unneeded JARs during scanning can improve startup time and JSP compilation time.
09-Dec-2016 13:59:55.666 INFO [main] org.apache.catalina.core.StandardServer.await A valid shutdown command was received via the shutdown port. Stopping the Server instance.
09-Dec-2016 13:59:55.667 INFO [main] org.apache.coyote.AbstractProtocol.pause Pausing ProtocolHandler ["http-apr-8080"]
09-Dec-2016 13:59:55.720 INFO [main] org.apache.coyote.AbstractProtocol.pause Pausing ProtocolHandler ["ajp-apr-8009"]
09-Dec-2016 13:59:55.770 INFO [main] org.apache.catalina.core.StandardService.stopInternal Stopping service Catalina
09-Dec-2016 14:00:00.038 WARNING [localhost-startStop-2] org.apache.catalina.loader.WebappClassLoaderBase.clearReferencesJdbc The web application [sherpa-web-api] registered the JDBC driver [com.mysql.jdbc.Driver] but failed to unregister it when the web application was stopped. To prevent a memory leak, the JDBC Driver has been forcibly unregistered.
09-Dec-2016 14:00:00.043 WARNING [localhost-startStop-2] org.apache.catalina.loader.WebappClassLoaderBase.clearReferencesThreads The web application [sherpa-web-api] appears to have started a thread named [Abandoned connection cleanup thread] but has failed to stop it. This is very likely to create a memory leak. Stack trace of thread:
 java.lang.Object.wait(Native Method)
 java.lang.ref.ReferenceQueue.remove(ReferenceQueue.java:143)
 com.mysql.jdbc.AbandonedConnectionCleanupThread.run(AbandonedConnectionCleanupThread.java:43)
09-Dec-2016 14:00:00.064 INFO [main] org.apache.coyote.AbstractProtocol.stop Stopping ProtocolHandler ["http-apr-8080"]
09-Dec-2016 14:00:00.116 INFO [main] org.apache.coyote.AbstractProtocol.stop Stopping ProtocolHandler ["ajp-apr-8009"]
09-Dec-2016 14:00:00.176 INFO [main] org.apache.coyote.AbstractProtocol.destroy Destroying ProtocolHandler ["http-apr-8080"]
09-Dec-2016 14:00:00.177 INFO [main] org.apache.coyote.AbstractProtocol.destroy Destroying ProtocolHandler ["ajp-apr-8009"]
